<?xml version="1.0" encoding="UTF-8"?>
<!-- Generated by org.testng.reporters.JUnitXMLReporter -->
<testsuite ignored="0" hostname="DESKTOP-G6F6962" failures="0" tests="2" name="FlipkartMobilesPageTest" time="25.973" errors="0" timestamp="2023-12-30T11:02:32 IST">
  <testcase classname="com.E2E.tests.FlipkartMobilesPageTest" name="searchSpecificMobile" time="8.238"/>
  <testcase classname="com.E2E.tests.FlipkartMobilesPageTest" name="selectMobileFromDefaultList" time="10.028"/>
</testsuite> <!-- FlipkartMobilesPageTest -->
