<?xml version="1.0" encoding="UTF-8"?>
<!-- Generated by org.testng.reporters.JUnitXMLReporter -->
<testsuite ignored="0" hostname="DESKTOP-G6F6962" failures="0" tests="2" name="flipkartLandingPageTest" time="30.355" errors="0" timestamp="2024-01-13T15:50:18 IST">
  <testcase classname="com.E2E.tests.FlipkartMobilesPageTest" name="searchSpecificMobile" time="8.691"/>
  <testcase classname="com.E2E.tests.FlipkartMobilesPageTest" name="selectMobileFromDefaultList" time="12.13"/>
</testsuite> <!-- flipkartLandingPageTest -->
