<?xml version="1.0" encoding="UTF-8"?>
<!-- Generated by org.testng.reporters.JUnitXMLReporter -->
<testsuite ignored="0" hostname="DESKTOP-G6F6962" failures="0" tests="6" name="FlipkartLandingPageTest" time="69.016" errors="0" timestamp="2023-12-30T11:07:39 IST">
  <testcase classname="com.E2E.tests.FlipkartLandingPageTest" name="ClickOnMobiles" time="9.112"/>
  <testcase classname="com.E2E.tests.FlipkartLandingPageTest" name="selectAppliancesCategory" time="8.562"/>
  <testcase classname="com.E2E.tests.FlipkartLandingPageTest" name="selectGroceryCategory" time="6.996"/>
  <testcase classname="com.E2E.tests.FlipkartLandingPageTest" name="selectMobileCategory" time="7.586"/>
  <testcase classname="com.E2E.tests.FlipkartLandingPageTest" name="selectTravelCategory" time="7.303"/>
  <testcase classname="com.E2E.tests.FlipkartLandingPageTest" name="verifyribbonsIsDisplayed" time="6.914"/>
</testsuite> <!-- FlipkartLandingPageTest -->
