<?xml version="1.0" encoding="UTF-8"?>
<testng-results ignored="0" total="1" passed="1" failed="0" skipped="0">
  <reporter-output>
  </reporter-output>
  <suite started-at="2024-01-07T13:02:52 IST" name="Default suite" finished-at="2024-01-07T13:03:12 IST" duration-ms="20163">
    <groups>
    </groups>
    <test started-at="2024-01-07T13:02:52 IST" name="Default test" finished-at="2024-01-07T13:03:12 IST" duration-ms="20163">
      <class name="com.E2E.tests.FlipkartFashion_MenFootwear_All_Test">
        <test-method is-config="true" signature="launchURL()[pri:0, instance:com.E2E.tests.FlipkartFashion_MenFootwear_All_Test@fa49800]" started-at="2024-01-07T13:02:52 IST" name="launchURL" finished-at="2024-01-07T13:02:57 IST" duration-ms="4897" status="PASS">
          <reporter-output>
          </reporter-output>
        </test-method> <!-- launchURL -->
        <test-method signature="selectFashionMensFootwearAll()[pri:0, instance:com.E2E.tests.FlipkartFashion_MenFootwear_All_Test@fa49800]" started-at="2024-01-07T13:02:57 IST" name="selectFashionMensFootwearAll" finished-at="2024-01-07T13:03:12 IST" duration-ms="14477" status="PASS">
          <reporter-output>
          </reporter-output>
        </test-method> <!-- selectFashionMensFootwearAll -->
        <test-method is-config="true" signature="closeBrowser()[pri:0, instance:com.E2E.tests.FlipkartFashion_MenFootwear_All_Test@fa49800]" started-at="2024-01-07T13:03:12 IST" name="closeBrowser" finished-at="2024-01-07T13:03:12 IST" duration-ms="744" status="PASS">
          <reporter-output>
          </reporter-output>
        </test-method> <!-- closeBrowser -->
      </class> <!-- com.E2E.tests.FlipkartFashion_MenFootwear_All_Test -->
    </test> <!-- Default test -->
  </suite> <!-- Default suite -->
</testng-results>
